<?xml version="1.0" encoding="UTF-8"?>
<testng-results skipped="0" failed="0" total="1" passed="1">
  <reporter-output>
    <line>
      <![CDATA[Login completed]]>
    </line>
    <line>
      <![CDATA[adding new emp]]>
    </line>
    <line>
      <![CDATA[deleting new emp]]>
    </line>
    <line>
      <![CDATA[logout completed]]>
    </line>
  </reporter-output>
  <suite name="Default suite" duration-ms="10284" started-at="2021-02-25T05:18:20Z" finished-at="2021-02-25T05:18:31Z">
    <groups>
    </groups>
    <test name="Default test" duration-ms="10284" started-at="2021-02-25T05:18:20Z" finished-at="2021-02-25T05:18:31Z">
      <class name="com.hrms.testscripts.TC001">
        <test-method status="PASS" signature="login()[pri:0, instance:com.hrms.testscripts.TC001@15975490]" name="login" duration-ms="10269" started-at="2021-02-25T10:48:20Z" finished-at="2021-02-25T10:48:31Z">
          <reporter-output>
            <line>
              <![CDATA[Login completed]]>
            </line>
            <line>
              <![CDATA[adding new emp]]>
            </line>
            <line>
              <![CDATA[deleting new emp]]>
            </line>
            <line>
              <![CDATA[logout completed]]>
            </line>
          </reporter-output>
        </test-method> <!-- login -->
      </class> <!-- com.hrms.testscripts.TC001 -->
    </test> <!-- Default test -->
  </suite> <!-- Default suite -->
</testng-results>
